{"level":"info","message":{"errors":"\"email\" must be a valid email. \"name\" length must be at least 3 characters long. \"password\" length must be at least 7 characters long"}}
{"level":"info","message":{"errors":"\"email\" must be a valid email. \"name\" length must be at least 3 characters long. \"password\" length must be at least 7 characters long"}}
{"level":"info","message":"Starting a mysql pool with 5 connections.","target":"quaint::pooled","timestamp":"2024-11-17T15:16:51.792Z"}
{"level":"info","message":{"duration":0,"params":"[\"test@gmail.com\"]","query":"SELECT COUNT(*) FROM (SELECT `zxsneakers`.`users`.`email` FROM `zxsneakers`.`users` WHERE `zxsneakers`.`users`.`email` = ?) AS `sub`","target":"quaint::connector::metrics","timestamp":"2024-11-17T15:16:51.798Z"}}
{"level":"info","message":{"duration":0,"params":"[]","query":"SELECT 1","target":"quaint::connector::metrics","timestamp":"2024-11-17T15:18:23.904Z"}}
{"level":"info","message":{"duration":0,"params":"[\"test2@gmail.com\"]","query":"SELECT COUNT(*) FROM (SELECT `zxsneakers`.`users`.`email` FROM `zxsneakers`.`users` WHERE `zxsneakers`.`users`.`email` = ?) AS `sub`","target":"quaint::connector::metrics","timestamp":"2024-11-17T15:18:23.905Z"}}
{"level":"info","message":{"duration":0,"params":"[]","query":"BEGIN","target":"quaint::connector::metrics","timestamp":"2024-11-17T15:18:23.963Z"}}
{"level":"info","message":{"duration":1,"params":"[\"test2@gmail.com\",\"Anggara\",\"$2b$10$EZdArXJGmHa2XbvOBEGhkukFQVZ066FGKX6JaZoyx19OF6Bqk5xgu\"]","query":"INSERT INTO `zxsneakers`.`users` (`email`,`name`,`password`) VALUES (?,?,?)","target":"quaint::connector::metrics","timestamp":"2024-11-17T15:18:23.964Z"}}
{"level":"info","message":{"duration":0,"params":"[\"test2@gmail.com\",1,0]","query":"SELECT `zxsneakers`.`users`.`email`, `zxsneakers`.`users`.`name`, `zxsneakers`.`users`.`password` FROM `zxsneakers`.`users` WHERE `zxsneakers`.`users`.`email` = ? LIMIT ? OFFSET ?","target":"quaint::connector::metrics","timestamp":"2024-11-17T15:18:23.964Z"}}
{"level":"info","message":{"duration":0,"params":"[]","query":"COMMIT","target":"quaint::connector::metrics","timestamp":"2024-11-17T15:18:23.965Z"}}
{"level":"info","message":{"duration":0,"params":"[]","query":"SELECT 1","target":"quaint::connector::metrics","timestamp":"2024-11-17T15:22:07.729Z"}}
{"level":"info","message":{"duration":0,"params":"[\"test3@gmail.com\"]","query":"SELECT COUNT(*) FROM (SELECT `zxsneakers`.`users`.`email` FROM `zxsneakers`.`users` WHERE `zxsneakers`.`users`.`email` = ?) AS `sub`","target":"quaint::connector::metrics","timestamp":"2024-11-17T15:22:07.730Z"}}
{"level":"info","message":{"duration":0,"params":"[]","query":"BEGIN","target":"quaint::connector::metrics","timestamp":"2024-11-17T15:22:07.788Z"}}
{"level":"info","message":{"duration":2,"params":"[\"test3@gmail.com\",\"Rusdi\",\"$2b$10$3kSI4/AokOdedq4kh4N8aeSbEfMk9aOlevapRVT72LstBQg/uZsW2\"]","query":"INSERT INTO `zxsneakers`.`users` (`email`,`name`,`password`) VALUES (?,?,?)","target":"quaint::connector::metrics","timestamp":"2024-11-17T15:22:07.790Z"}}
{"level":"info","message":{"duration":2,"params":"[\"test3@gmail.com\",1,0]","query":"SELECT `zxsneakers`.`users`.`email`, `zxsneakers`.`users`.`name`, `zxsneakers`.`users`.`password` FROM `zxsneakers`.`users` WHERE `zxsneakers`.`users`.`email` = ? LIMIT ? OFFSET ?","target":"quaint::connector::metrics","timestamp":"2024-11-17T15:22:07.792Z"}}
{"level":"info","message":{"duration":0,"params":"[]","query":"COMMIT","target":"quaint::connector::metrics","timestamp":"2024-11-17T15:22:07.794Z"}}
{"level":"info","message":"Starting a mysql pool with 5 connections.","target":"quaint::pooled","timestamp":"2024-11-17T15:25:15.298Z"}
{"level":"info","message":{"duration":0,"params":"[\"test4@gmail.com\"]","query":"SELECT COUNT(*) FROM (SELECT `zxsneakers`.`users`.`email` FROM `zxsneakers`.`users` WHERE `zxsneakers`.`users`.`email` = ?) AS `sub`","target":"quaint::connector::metrics","timestamp":"2024-11-17T15:25:15.304Z"}}
{"level":"info","message":{"duration":0,"params":"[]","query":"BEGIN","target":"quaint::connector::metrics","timestamp":"2024-11-17T15:25:15.361Z"}}
{"level":"info","message":{"duration":1,"params":"[\"test4@gmail.com\",\"Anggara\",\"$2b$10$.R5nCMz/xVTsz51vUHBBa.8Xhbdxu8PZGwaE/mCsR.pkaXkPVFX92\"]","query":"INSERT INTO `zxsneakers`.`users` (`email`,`name`,`password`) VALUES (?,?,?)","target":"quaint::connector::metrics","timestamp":"2024-11-17T15:25:15.363Z"}}
{"level":"info","message":{"duration":0,"params":"[\"test4@gmail.com\",1,0]","query":"SELECT `zxsneakers`.`users`.`email`, `zxsneakers`.`users`.`name`, `zxsneakers`.`users`.`password` FROM `zxsneakers`.`users` WHERE `zxsneakers`.`users`.`email` = ? LIMIT ? OFFSET ?","target":"quaint::connector::metrics","timestamp":"2024-11-17T15:25:15.364Z"}}
{"level":"info","message":{"duration":0,"params":"[]","query":"COMMIT","target":"quaint::connector::metrics","timestamp":"2024-11-17T15:25:15.365Z"}}
{"level":"info","message":{"errors":"\"email\" must be a valid email. \"name\" length must be at least 3 characters long. \"password\" length must be at least 7 characters long"}}
{"level":"info","message":"Starting a mysql pool with 5 connections.","target":"quaint::pooled","timestamp":"2024-11-17T15:29:21.099Z"}
{"level":"info","message":{"duration":0,"params":"[\"test5@gmail.com\"]","query":"SELECT COUNT(*) FROM (SELECT `zxsneakers`.`users`.`email` FROM `zxsneakers`.`users` WHERE `zxsneakers`.`users`.`email` = ?) AS `sub`","target":"quaint::connector::metrics","timestamp":"2024-11-17T15:29:21.105Z"}}
{"level":"info","message":{"duration":0,"params":"[]","query":"BEGIN","target":"quaint::connector::metrics","timestamp":"2024-11-17T15:29:21.162Z"}}
{"level":"info","message":{"duration":1,"params":"[\"test5@gmail.com\",\"Anggara\",\"$2b$10$dCRbmwXK6phgowXuzwOZBOWJ3b6S2cg8w6lbub2g3mmq31HjHZrMK\"]","query":"INSERT INTO `zxsneakers`.`users` (`email`,`name`,`password`) VALUES (?,?,?)","target":"quaint::connector::metrics","timestamp":"2024-11-17T15:29:21.163Z"}}
{"level":"info","message":{"duration":1,"params":"[\"test5@gmail.com\",1,0]","query":"SELECT `zxsneakers`.`users`.`email`, `zxsneakers`.`users`.`name`, `zxsneakers`.`users`.`password` FROM `zxsneakers`.`users` WHERE `zxsneakers`.`users`.`email` = ? LIMIT ? OFFSET ?","target":"quaint::connector::metrics","timestamp":"2024-11-17T15:29:21.165Z"}}
{"level":"info","message":{"duration":0,"params":"[]","query":"COMMIT","target":"quaint::connector::metrics","timestamp":"2024-11-17T15:29:21.166Z"}}
{"level":"info","message":{"errors":"\"email\" must be a valid email. \"name\" length must be at least 3 characters long. \"password\" length must be at least 7 characters long"}}
{"level":"info","message":"Starting a mysql pool with 5 connections.","target":"quaint::pooled","timestamp":"2024-11-17T15:31:50.931Z"}
{"level":"info","message":{"duration":0,"params":"[\"test5@gmail.com\"]","query":"SELECT COUNT(*) FROM (SELECT `zxsneakers`.`users`.`email` FROM `zxsneakers`.`users` WHERE `zxsneakers`.`users`.`email` = ?) AS `sub`","target":"quaint::connector::metrics","timestamp":"2024-11-17T15:31:50.938Z"}}
{"level":"info","message":{"errors":"\"email\" must be a valid email. \"name\" length must be at least 3 characters long. \"password\" length must be at least 7 characters long"}}
{"level":"info","message":"Starting a mysql pool with 5 connections.","target":"quaint::pooled","timestamp":"2024-11-17T15:32:17.625Z"}
{"level":"info","message":{"duration":0,"params":"[\"test6@gmail.com\"]","query":"SELECT COUNT(*) FROM (SELECT `zxsneakers`.`users`.`email` FROM `zxsneakers`.`users` WHERE `zxsneakers`.`users`.`email` = ?) AS `sub`","target":"quaint::connector::metrics","timestamp":"2024-11-17T15:32:17.631Z"}}
{"level":"info","message":{"duration":0,"params":"[]","query":"BEGIN","target":"quaint::connector::metrics","timestamp":"2024-11-17T15:32:17.688Z"}}
{"level":"info","message":{"duration":1,"params":"[\"test6@gmail.com\",\"Anggara\",\"$2b$10$/0ECOSe59R3dz4V4lrOf0uGDaU4XwYFsUcSZ3OdREeq62TRQNXe/i\"]","query":"INSERT INTO `zxsneakers`.`users` (`email`,`name`,`password`) VALUES (?,?,?)","target":"quaint::connector::metrics","timestamp":"2024-11-17T15:32:17.690Z"}}
{"level":"info","message":{"duration":0,"params":"[\"test6@gmail.com\",1,0]","query":"SELECT `zxsneakers`.`users`.`email`, `zxsneakers`.`users`.`name`, `zxsneakers`.`users`.`password` FROM `zxsneakers`.`users` WHERE `zxsneakers`.`users`.`email` = ? LIMIT ? OFFSET ?","target":"quaint::connector::metrics","timestamp":"2024-11-17T15:32:17.692Z"}}
{"level":"info","message":{"duration":0,"params":"[]","query":"COMMIT","target":"quaint::connector::metrics","timestamp":"2024-11-17T15:32:17.692Z"}}
{"level":"info","message":{"errors":"\"email\" must be a valid email. \"name\" length must be at least 3 characters long. \"password\" length must be at least 7 characters long"}}
{"level":"info","message":"Starting a mysql pool with 5 connections.","target":"quaint::pooled","timestamp":"2024-11-17T15:33:04.849Z"}
{"level":"info","message":{"duration":0,"params":"[\"test7@gmail.com\"]","query":"SELECT COUNT(*) FROM (SELECT `zxsneakers`.`users`.`email` FROM `zxsneakers`.`users` WHERE `zxsneakers`.`users`.`email` = ?) AS `sub`","target":"quaint::connector::metrics","timestamp":"2024-11-17T15:33:04.855Z"}}
{"level":"info","message":{"duration":0,"params":"[]","query":"BEGIN","target":"quaint::connector::metrics","timestamp":"2024-11-17T15:33:04.915Z"}}
{"level":"info","message":{"duration":1,"params":"[\"test7@gmail.com\",\"Rusdi\",\"$2b$10$6XleWFtLrWw.F5QR5zs16ezaRdgUqUJ8/3sayRiSZw8QSZzMKSH5W\"]","query":"INSERT INTO `zxsneakers`.`users` (`email`,`name`,`password`) VALUES (?,?,?)","target":"quaint::connector::metrics","timestamp":"2024-11-17T15:33:04.916Z"}}
{"level":"info","message":{"duration":2,"params":"[\"test7@gmail.com\",1,0]","query":"SELECT `zxsneakers`.`users`.`email`, `zxsneakers`.`users`.`name`, `zxsneakers`.`users`.`password` FROM `zxsneakers`.`users` WHERE `zxsneakers`.`users`.`email` = ? LIMIT ? OFFSET ?","target":"quaint::connector::metrics","timestamp":"2024-11-17T15:33:04.918Z"}}
{"level":"info","message":{"duration":0,"params":"[]","query":"COMMIT","target":"quaint::connector::metrics","timestamp":"2024-11-17T15:33:04.919Z"}}
{"level":"info","message":"Starting a mysql pool with 5 connections.","target":"quaint::pooled","timestamp":"2024-11-17T15:34:09.510Z"}
{"level":"info","message":{"duration":0,"params":"[\"test8@gmail.com\"]","query":"SELECT COUNT(*) FROM (SELECT `zxsneakers`.`users`.`email` FROM `zxsneakers`.`users` WHERE `zxsneakers`.`users`.`email` = ?) AS `sub`","target":"quaint::connector::metrics","timestamp":"2024-11-17T15:34:09.517Z"}}
{"level":"info","message":{"duration":0,"params":"[]","query":"BEGIN","target":"quaint::connector::metrics","timestamp":"2024-11-17T15:34:09.577Z"}}
{"level":"info","message":{"duration":2,"params":"[\"test8@gmail.com\",\"Rusdi\",\"$2b$10$DZMJlXsDN4Ww7nZZ4WyXKe76NWhCBXxfwLHycGTAlnODZWJx.8Hnq\"]","query":"INSERT INTO `zxsneakers`.`users` (`email`,`name`,`password`) VALUES (?,?,?)","target":"quaint::connector::metrics","timestamp":"2024-11-17T15:34:09.579Z"}}
{"level":"info","message":{"duration":0,"params":"[\"test8@gmail.com\",1,0]","query":"SELECT `zxsneakers`.`users`.`email`, `zxsneakers`.`users`.`name`, `zxsneakers`.`users`.`password` FROM `zxsneakers`.`users` WHERE `zxsneakers`.`users`.`email` = ? LIMIT ? OFFSET ?","target":"quaint::connector::metrics","timestamp":"2024-11-17T15:34:09.580Z"}}
{"level":"info","message":{"duration":0,"params":"[]","query":"COMMIT","target":"quaint::connector::metrics","timestamp":"2024-11-17T15:34:09.580Z"}}
{"level":"info","message":{"duration":0,"params":"[]","query":"SELECT 1","target":"quaint::connector::metrics","timestamp":"2024-11-17T15:35:28.996Z"}}
{"level":"info","message":{"duration":0,"params":"[\"test@gmail.com\"]","query":"SELECT COUNT(*) FROM (SELECT `zxsneakers`.`users`.`email` FROM `zxsneakers`.`users` WHERE `zxsneakers`.`users`.`email` = ?) AS `sub`","target":"quaint::connector::metrics","timestamp":"2024-11-17T15:35:28.996Z"}}
{"level":"info","message":{"duration":0,"params":"[]","query":"BEGIN","target":"quaint::connector::metrics","timestamp":"2024-11-17T15:35:29.053Z"}}
{"level":"info","message":{"duration":1,"params":"[\"test@gmail.com\",\"Anggara\",\"$2b$10$ADmvy.h0RSdtYNT7eKynqeXmZYStd5bSqduikuJBm0ka6GdAm6YCu\"]","query":"INSERT INTO `zxsneakers`.`users` (`email`,`name`,`password`) VALUES (?,?,?)","target":"quaint::connector::metrics","timestamp":"2024-11-17T15:35:29.055Z"}}
{"level":"info","message":{"duration":0,"params":"[\"test@gmail.com\",1,0]","query":"SELECT `zxsneakers`.`users`.`email`, `zxsneakers`.`users`.`name`, `zxsneakers`.`users`.`password` FROM `zxsneakers`.`users` WHERE `zxsneakers`.`users`.`email` = ? LIMIT ? OFFSET ?","target":"quaint::connector::metrics","timestamp":"2024-11-17T15:35:29.055Z"}}
{"level":"info","message":{"duration":0,"params":"[]","query":"COMMIT","target":"quaint::connector::metrics","timestamp":"2024-11-17T15:35:29.056Z"}}
