{"level":"info","message":"Starting a mysql pool with 5 connections.","target":"quaint::pooled","timestamp":"2024-11-30T00:58:53.265Z"}
{"level":"info","message":{"duration":41,"params":"[\"test@gmail.com\",1,0]","query":"SELECT `zxsneakers`.`users`.`email`, `zxsneakers`.`users`.`name`, `zxsneakers`.`users`.`password` FROM `zxsneakers`.`users` WHERE `zxsneakers`.`users`.`email` = ? LIMIT ? OFFSET ?","target":"quaint::connector::metrics","timestamp":"2024-11-30T00:58:53.332Z"}}
{"level":"info","message":{"duration":0,"params":"[\"test@gmail.com\",1,0]","query":"SELECT `zxsneakers`.`users`.`email` FROM `zxsneakers`.`users` WHERE `zxsneakers`.`users`.`email` = ? LIMIT ? OFFSET ?","target":"quaint::connector::metrics","timestamp":"2024-11-30T00:59:06.530Z"}}
{"level":"info","message":"Starting a mysql pool with 5 connections.","target":"quaint::pooled","timestamp":"2024-11-30T02:00:06.749Z"}
{"level":"info","message":{"duration":0,"params":"[\"test@gmail.com\",1,0]","query":"SELECT `zxsneakers`.`users`.`email`, `zxsneakers`.`users`.`name`, `zxsneakers`.`users`.`password` FROM `zxsneakers`.`users` WHERE `zxsneakers`.`users`.`email` = ? LIMIT ? OFFSET ?","target":"quaint::connector::metrics","timestamp":"2024-11-30T02:00:06.756Z"}}
{"level":"info","message":"Starting a mysql pool with 5 connections.","target":"quaint::pooled","timestamp":"2024-11-30T02:10:46.324Z"}
{"level":"info","message":{"duration":0,"params":"[\"test@gmail.com\",1,0]","query":"SELECT `zxsneakers`.`users`.`email` FROM `zxsneakers`.`users` WHERE `zxsneakers`.`users`.`email` = ? LIMIT ? OFFSET ?","target":"quaint::connector::metrics","timestamp":"2024-11-30T02:10:46.330Z"}}
{"level":"info","message":{"duration":0,"params":"[\"test@gmail.com\",1,0]","query":"SELECT `zxsneakers`.`users`.`email`, `zxsneakers`.`users`.`password` FROM `zxsneakers`.`users` WHERE `zxsneakers`.`users`.`email` = ? LIMIT ? OFFSET ?","target":"quaint::connector::metrics","timestamp":"2024-11-30T02:10:46.334Z"}}
{"level":"info","message":{"duration":0,"params":"[]","query":"BEGIN","target":"quaint::connector::metrics","timestamp":"2024-11-30T02:10:46.395Z"}}
{"level":"info","message":{"duration":0,"params":"[\"test@gmail.com\"]","query":"SELECT `zxsneakers`.`users`.`email` FROM `zxsneakers`.`users` WHERE (`zxsneakers`.`users`.`email` = ? AND 1=1)","target":"quaint::connector::metrics","timestamp":"2024-11-30T02:10:46.397Z"}}
{"level":"info","message":{"duration":3,"params":"[\"HAMIDAHH\",\"test@gmail.com\",\"test@gmail.com\"]","query":"UPDATE `zxsneakers`.`users` SET `password` = ? WHERE (`zxsneakers`.`users`.`email` IN (?) AND (`zxsneakers`.`users`.`email` = ? AND 1=1))","target":"quaint::connector::metrics","timestamp":"2024-11-30T02:10:46.401Z"}}
{"level":"info","message":{"duration":0,"params":"[\"test@gmail.com\",1,0]","query":"SELECT `zxsneakers`.`users`.`email`, `zxsneakers`.`users`.`name`, `zxsneakers`.`users`.`password` FROM `zxsneakers`.`users` WHERE `zxsneakers`.`users`.`email` = ? LIMIT ? OFFSET ?","target":"quaint::connector::metrics","timestamp":"2024-11-30T02:10:46.402Z"}}
{"level":"info","message":{"duration":1,"params":"[]","query":"COMMIT","target":"quaint::connector::metrics","timestamp":"2024-11-30T02:10:46.402Z"}}
{"level":"info","message":{"duration":0,"params":"[]","query":"SELECT 1","target":"quaint::connector::metrics","timestamp":"2024-11-30T02:11:17.769Z"}}
{"level":"info","message":{"duration":0,"params":"[\"test@gmail.com\",1,0]","query":"SELECT `zxsneakers`.`users`.`email` FROM `zxsneakers`.`users` WHERE `zxsneakers`.`users`.`email` = ? LIMIT ? OFFSET ?","target":"quaint::connector::metrics","timestamp":"2024-11-30T02:11:17.770Z"}}
{"level":"info","message":{"duration":0,"params":"[\"test@gmail.com\",1,0]","query":"SELECT `zxsneakers`.`users`.`email`, `zxsneakers`.`users`.`password` FROM `zxsneakers`.`users` WHERE `zxsneakers`.`users`.`email` = ? LIMIT ? OFFSET ?","target":"quaint::connector::metrics","timestamp":"2024-11-30T02:11:17.771Z"}}
{"level":"info","message":{"duration":0,"params":"[]","query":"SELECT 1","target":"quaint::connector::metrics","timestamp":"2024-11-30T02:11:48.394Z"}}
{"level":"info","message":{"duration":0,"params":"[\"test@gmail.com\",1,0]","query":"SELECT `zxsneakers`.`users`.`email` FROM `zxsneakers`.`users` WHERE `zxsneakers`.`users`.`email` = ? LIMIT ? OFFSET ?","target":"quaint::connector::metrics","timestamp":"2024-11-30T02:11:48.395Z"}}
{"level":"info","message":{"duration":0,"params":"[]","query":"SELECT 1","target":"quaint::connector::metrics","timestamp":"2024-11-30T02:12:29.595Z"}}
{"level":"info","message":{"duration":0,"params":"[\"test@gmail.com\",1,0]","query":"SELECT `zxsneakers`.`users`.`email` FROM `zxsneakers`.`users` WHERE `zxsneakers`.`users`.`email` = ? LIMIT ? OFFSET ?","target":"quaint::connector::metrics","timestamp":"2024-11-30T02:12:29.596Z"}}
{"level":"info","message":{"duration":0,"params":"[\"test@gmail.com\",1,0]","query":"SELECT `zxsneakers`.`users`.`email`, `zxsneakers`.`users`.`password` FROM `zxsneakers`.`users` WHERE `zxsneakers`.`users`.`email` = ? LIMIT ? OFFSET ?","target":"quaint::connector::metrics","timestamp":"2024-11-30T02:12:29.597Z"}}
{"level":"info","message":{"duration":0,"params":"[\"test@gmail.com\",1,0]","query":"SELECT `zxsneakers`.`users`.`email` FROM `zxsneakers`.`users` WHERE `zxsneakers`.`users`.`email` = ? LIMIT ? OFFSET ?","target":"quaint::connector::metrics","timestamp":"2024-11-30T02:12:38.428Z"}}
{"level":"info","message":{"duration":0,"params":"[\"test@gmail.com\",1,0]","query":"SELECT `zxsneakers`.`users`.`email`, `zxsneakers`.`users`.`password` FROM `zxsneakers`.`users` WHERE `zxsneakers`.`users`.`email` = ? LIMIT ? OFFSET ?","target":"quaint::connector::metrics","timestamp":"2024-11-30T02:12:38.430Z"}}
{"level":"info","message":{"duration":0,"params":"[]","query":"SELECT 1","target":"quaint::connector::metrics","timestamp":"2024-11-30T02:12:56.965Z"}}
{"level":"info","message":{"duration":0,"params":"[\"test@gmail.com\",1,0]","query":"SELECT `zxsneakers`.`users`.`email` FROM `zxsneakers`.`users` WHERE `zxsneakers`.`users`.`email` = ? LIMIT ? OFFSET ?","target":"quaint::connector::metrics","timestamp":"2024-11-30T02:12:56.966Z"}}
{"level":"info","message":{"duration":0,"params":"[\"test@gmail.com\",1,0]","query":"SELECT `zxsneakers`.`users`.`email`, `zxsneakers`.`users`.`password` FROM `zxsneakers`.`users` WHERE `zxsneakers`.`users`.`email` = ? LIMIT ? OFFSET ?","target":"quaint::connector::metrics","timestamp":"2024-11-30T02:12:56.968Z"}}
{"level":"info","message":{"duration":0,"params":"[]","query":"SELECT 1","target":"quaint::connector::metrics","timestamp":"2024-11-30T02:13:20.924Z"}}
{"level":"info","message":{"duration":0,"params":"[\"test@gmail.com\",1,0]","query":"SELECT `zxsneakers`.`users`.`email` FROM `zxsneakers`.`users` WHERE `zxsneakers`.`users`.`email` = ? LIMIT ? OFFSET ?","target":"quaint::connector::metrics","timestamp":"2024-11-30T02:13:20.925Z"}}
{"level":"info","message":{"duration":0,"params":"[\"test@gmail.com\",1,0]","query":"SELECT `zxsneakers`.`users`.`email`, `zxsneakers`.`users`.`password` FROM `zxsneakers`.`users` WHERE `zxsneakers`.`users`.`email` = ? LIMIT ? OFFSET ?","target":"quaint::connector::metrics","timestamp":"2024-11-30T02:13:20.927Z"}}
{"level":"info","message":{"duration":0,"params":"[]","query":"SELECT 1","target":"quaint::connector::metrics","timestamp":"2024-11-30T02:14:01.683Z"}}
{"level":"info","message":{"duration":0,"params":"[\"test@gmail.com\",1,0]","query":"SELECT `zxsneakers`.`users`.`email` FROM `zxsneakers`.`users` WHERE `zxsneakers`.`users`.`email` = ? LIMIT ? OFFSET ?","target":"quaint::connector::metrics","timestamp":"2024-11-30T02:14:01.684Z"}}
{"level":"info","message":{"duration":0,"params":"[\"test@gmail.com\",1,0]","query":"SELECT `zxsneakers`.`users`.`email`, `zxsneakers`.`users`.`password` FROM `zxsneakers`.`users` WHERE `zxsneakers`.`users`.`email` = ? LIMIT ? OFFSET ?","target":"quaint::connector::metrics","timestamp":"2024-11-30T02:14:01.685Z"}}
{"level":"info","message":{"duration":0,"params":"[]","query":"SELECT 1","target":"quaint::connector::metrics","timestamp":"2024-11-30T02:14:17.709Z"}}
{"level":"info","message":{"duration":0,"params":"[\"test@gmail.com\",1,0]","query":"SELECT `zxsneakers`.`users`.`email` FROM `zxsneakers`.`users` WHERE `zxsneakers`.`users`.`email` = ? LIMIT ? OFFSET ?","target":"quaint::connector::metrics","timestamp":"2024-11-30T02:14:17.710Z"}}
{"level":"info","message":{"duration":0,"params":"[\"test@gmail.com\",1,0]","query":"SELECT `zxsneakers`.`users`.`email`, `zxsneakers`.`users`.`password` FROM `zxsneakers`.`users` WHERE `zxsneakers`.`users`.`email` = ? LIMIT ? OFFSET ?","target":"quaint::connector::metrics","timestamp":"2024-11-30T02:14:17.711Z"}}
{"level":"info","message":{"duration":0,"params":"[]","query":"SELECT 1","target":"quaint::connector::metrics","timestamp":"2024-11-30T02:14:33.488Z"}}
{"level":"info","message":{"duration":0,"params":"[\"test@gmail.com\",1,0]","query":"SELECT `zxsneakers`.`users`.`email` FROM `zxsneakers`.`users` WHERE `zxsneakers`.`users`.`email` = ? LIMIT ? OFFSET ?","target":"quaint::connector::metrics","timestamp":"2024-11-30T02:14:33.489Z"}}
{"level":"info","message":{"duration":0,"params":"[\"test@gmail.com\",1,0]","query":"SELECT `zxsneakers`.`users`.`email`, `zxsneakers`.`users`.`password` FROM `zxsneakers`.`users` WHERE `zxsneakers`.`users`.`email` = ? LIMIT ? OFFSET ?","target":"quaint::connector::metrics","timestamp":"2024-11-30T02:14:33.490Z"}}
{"level":"info","message":{"duration":0,"params":"[]","query":"SELECT 1","target":"quaint::connector::metrics","timestamp":"2024-11-30T02:16:55.931Z"}}
{"level":"info","message":{"duration":0,"params":"[\"test@gmail.com\",1,0]","query":"SELECT `zxsneakers`.`users`.`email` FROM `zxsneakers`.`users` WHERE `zxsneakers`.`users`.`email` = ? LIMIT ? OFFSET ?","target":"quaint::connector::metrics","timestamp":"2024-11-30T02:16:55.932Z"}}
{"level":"info","message":{"duration":0,"params":"[\"test@gmail.com\",1,0]","query":"SELECT `zxsneakers`.`users`.`email`, `zxsneakers`.`users`.`name`, `zxsneakers`.`users`.`password` FROM `zxsneakers`.`users` WHERE `zxsneakers`.`users`.`email` = ? LIMIT ? OFFSET ?","target":"quaint::connector::metrics","timestamp":"2024-11-30T02:17:02.917Z"}}
{"level":"info","message":{"duration":0,"params":"[]","query":"SELECT 1","target":"quaint::connector::metrics","timestamp":"2024-11-30T02:17:35.574Z"}}
{"level":"info","message":{"duration":0,"params":"[\"test@gmail.com\",1,0]","query":"SELECT `zxsneakers`.`users`.`email`, `zxsneakers`.`users`.`name`, `zxsneakers`.`users`.`password` FROM `zxsneakers`.`users` WHERE `zxsneakers`.`users`.`email` = ? LIMIT ? OFFSET ?","target":"quaint::connector::metrics","timestamp":"2024-11-30T02:17:35.575Z"}}
{"level":"info","message":"Starting a mysql pool with 5 connections.","target":"quaint::pooled","timestamp":"2024-11-30T02:18:08.177Z"}
{"level":"info","message":{"duration":0,"params":"[\"test@gmail.com\",1,0]","query":"SELECT `zxsneakers`.`users`.`email`, `zxsneakers`.`users`.`name`, `zxsneakers`.`users`.`password` FROM `zxsneakers`.`users` WHERE `zxsneakers`.`users`.`email` = ? LIMIT ? OFFSET ?","target":"quaint::connector::metrics","timestamp":"2024-11-30T02:18:08.183Z"}}
{"level":"info","message":{"duration":0,"params":"[]","query":"SELECT 1","target":"quaint::connector::metrics","timestamp":"2024-11-30T02:18:39.328Z"}}
{"level":"info","message":{"duration":0,"params":"[\"test@gmail.com\",1,0]","query":"SELECT `zxsneakers`.`users`.`email`, `zxsneakers`.`users`.`name`, `zxsneakers`.`users`.`password` FROM `zxsneakers`.`users` WHERE `zxsneakers`.`users`.`email` = ? LIMIT ? OFFSET ?","target":"quaint::connector::metrics","timestamp":"2024-11-30T02:18:39.329Z"}}
{"level":"info","message":{"duration":0,"params":"[\"test@gmail.com\",1,0]","query":"SELECT `zxsneakers`.`users`.`email`, `zxsneakers`.`users`.`name`, `zxsneakers`.`users`.`password` FROM `zxsneakers`.`users` WHERE `zxsneakers`.`users`.`email` = ? LIMIT ? OFFSET ?","target":"quaint::connector::metrics","timestamp":"2024-11-30T02:18:51.458Z"}}
{"level":"info","message":{"duration":0,"params":"[]","query":"SELECT 1","target":"quaint::connector::metrics","timestamp":"2024-11-30T02:19:00.539Z"}}
{"level":"info","message":{"duration":0,"params":"[\"test@gmail.com\",1,0]","query":"SELECT `zxsneakers`.`users`.`email`, `zxsneakers`.`users`.`name`, `zxsneakers`.`users`.`password` FROM `zxsneakers`.`users` WHERE `zxsneakers`.`users`.`email` = ? LIMIT ? OFFSET ?","target":"quaint::connector::metrics","timestamp":"2024-11-30T02:19:00.540Z"}}
{"level":"info","message":{"duration":0,"params":"[\"test@gmail.com\",1,0]","query":"SELECT `zxsneakers`.`users`.`email`, `zxsneakers`.`users`.`name`, `zxsneakers`.`users`.`password` FROM `zxsneakers`.`users` WHERE `zxsneakers`.`users`.`email` = ? LIMIT ? OFFSET ?","target":"quaint::connector::metrics","timestamp":"2024-11-30T02:19:09.885Z"}}
{"level":"info","message":{"duration":0,"params":"[]","query":"SELECT 1","target":"quaint::connector::metrics","timestamp":"2024-11-30T02:19:18.852Z"}}
{"level":"info","message":{"duration":0,"params":"[\"test@gmail.com\",1,0]","query":"SELECT `zxsneakers`.`users`.`email`, `zxsneakers`.`users`.`name`, `zxsneakers`.`users`.`password` FROM `zxsneakers`.`users` WHERE `zxsneakers`.`users`.`email` = ? LIMIT ? OFFSET ?","target":"quaint::connector::metrics","timestamp":"2024-11-30T02:19:18.853Z"}}
{"level":"info","message":{"duration":0,"params":"[\"test@gmail.com\",1,0]","query":"SELECT `zxsneakers`.`users`.`email`, `zxsneakers`.`users`.`name`, `zxsneakers`.`users`.`password` FROM `zxsneakers`.`users` WHERE `zxsneakers`.`users`.`email` = ? LIMIT ? OFFSET ?","target":"quaint::connector::metrics","timestamp":"2024-11-30T02:19:27.376Z"}}
{"level":"info","message":{"duration":0,"params":"[\"test@gmail.com\"]","query":"SELECT COUNT(*) FROM (SELECT `zxsneakers`.`users`.`email` FROM `zxsneakers`.`users` WHERE `zxsneakers`.`users`.`email` = ?) AS `sub`","target":"quaint::connector::metrics","timestamp":"2024-11-30T02:32:34.351Z"}}
{"level":"info","message":{"duration":0,"params":"[]","query":"BEGIN","target":"quaint::connector::metrics","timestamp":"2024-11-30T02:32:34.409Z"}}
{"level":"info","message":{"duration":0,"params":"[\"test@gmail.com\",\"Anggara\",\"$2b$10$v72OLYEsZJ6NtczobrErO.Y34oVh3LRmcebJu3ivObSL.HjitIwrG\"]","query":"INSERT INTO `zxsneakers`.`users` (`email`,`name`,`password`) VALUES (?,?,?)","target":"quaint::connector::metrics","timestamp":"2024-11-30T02:32:34.410Z"}}
{"level":"info","message":{"duration":0,"params":"[\"test@gmail.com\",1,0]","query":"SELECT `zxsneakers`.`users`.`email`, `zxsneakers`.`users`.`name`, `zxsneakers`.`users`.`password` FROM `zxsneakers`.`users` WHERE `zxsneakers`.`users`.`email` = ? LIMIT ? OFFSET ?","target":"quaint::connector::metrics","timestamp":"2024-11-30T02:32:34.412Z"}}
{"level":"info","message":{"duration":0,"params":"[]","query":"COMMIT","target":"quaint::connector::metrics","timestamp":"2024-11-30T02:32:34.412Z"}}
{"level":"info","message":{"duration":0,"params":"[]","query":"SELECT 1","target":"quaint::connector::metrics","timestamp":"2024-11-30T02:32:50.887Z"}}
{"level":"info","message":{"duration":0,"params":"[\"test@gmail.com\",1,0]","query":"SELECT `zxsneakers`.`users`.`email`, `zxsneakers`.`users`.`name`, `zxsneakers`.`users`.`password` FROM `zxsneakers`.`users` WHERE `zxsneakers`.`users`.`email` = ? LIMIT ? OFFSET ?","target":"quaint::connector::metrics","timestamp":"2024-11-30T02:32:50.888Z"}}
{"level":"info","message":"Starting a mysql pool with 5 connections.","target":"quaint::pooled","timestamp":"2024-11-30T02:34:35.289Z"}
{"level":"info","message":{"duration":0,"params":"[\"test@gmail.com\",1,0]","query":"SELECT `zxsneakers`.`users`.`email` FROM `zxsneakers`.`users` WHERE `zxsneakers`.`users`.`email` = ? LIMIT ? OFFSET ?","target":"quaint::connector::metrics","timestamp":"2024-11-30T02:34:35.295Z"}}
{"level":"info","message":{"duration":0,"params":"[\"test@gmail.com\",1,0]","query":"SELECT `zxsneakers`.`users`.`email`, `zxsneakers`.`users`.`password` FROM `zxsneakers`.`users` WHERE `zxsneakers`.`users`.`email` = ? LIMIT ? OFFSET ?","target":"quaint::connector::metrics","timestamp":"2024-11-30T02:34:35.300Z"}}
{"level":"info","message":{"duration":0,"params":"[]","query":"SELECT 1","target":"quaint::connector::metrics","timestamp":"2024-11-30T02:34:52.748Z"}}
{"level":"info","message":{"duration":0,"params":"[\"test@gmail.com\",1,0]","query":"SELECT `zxsneakers`.`users`.`email` FROM `zxsneakers`.`users` WHERE `zxsneakers`.`users`.`email` = ? LIMIT ? OFFSET ?","target":"quaint::connector::metrics","timestamp":"2024-11-30T02:34:52.748Z"}}
{"level":"info","message":{"duration":0,"params":"[\"test@gmail.com\",1,0]","query":"SELECT `zxsneakers`.`users`.`email`, `zxsneakers`.`users`.`password` FROM `zxsneakers`.`users` WHERE `zxsneakers`.`users`.`email` = ? LIMIT ? OFFSET ?","target":"quaint::connector::metrics","timestamp":"2024-11-30T02:34:52.750Z"}}
{"level":"info","message":{"duration":0,"params":"[\"test@gmail.com\",1,0]","query":"SELECT `zxsneakers`.`users`.`email` FROM `zxsneakers`.`users` WHERE `zxsneakers`.`users`.`email` = ? LIMIT ? OFFSET ?","target":"quaint::connector::metrics","timestamp":"2024-11-30T02:35:06.070Z"}}
{"level":"info","message":{"duration":0,"params":"[\"test@gmail.com\",1,0]","query":"SELECT `zxsneakers`.`users`.`email`, `zxsneakers`.`users`.`password` FROM `zxsneakers`.`users` WHERE `zxsneakers`.`users`.`email` = ? LIMIT ? OFFSET ?","target":"quaint::connector::metrics","timestamp":"2024-11-30T02:35:06.072Z"}}
{"level":"info","message":{"duration":0,"params":"[]","query":"BEGIN","target":"quaint::connector::metrics","timestamp":"2024-11-30T02:35:06.183Z"}}
{"level":"info","message":{"duration":0,"params":"[\"test@gmail.com\"]","query":"SELECT `zxsneakers`.`users`.`email` FROM `zxsneakers`.`users` WHERE (`zxsneakers`.`users`.`email` = ? AND 1=1)","target":"quaint::connector::metrics","timestamp":"2024-11-30T02:35:06.184Z"}}
{"level":"info","message":{"duration":2,"params":"[\"$2b$10$UQQmHAneAofo5cvh9OUZI.zHNS85dWrCQP00VzkYZVsaqzc2FFzua\",\"test@gmail.com\",\"test@gmail.com\"]","query":"UPDATE `zxsneakers`.`users` SET `password` = ? WHERE (`zxsneakers`.`users`.`email` IN (?) AND (`zxsneakers`.`users`.`email` = ? AND 1=1))","target":"quaint::connector::metrics","timestamp":"2024-11-30T02:35:06.186Z"}}
{"level":"info","message":{"duration":0,"params":"[\"test@gmail.com\",1,0]","query":"SELECT `zxsneakers`.`users`.`email`, `zxsneakers`.`users`.`name`, `zxsneakers`.`users`.`password` FROM `zxsneakers`.`users` WHERE `zxsneakers`.`users`.`email` = ? LIMIT ? OFFSET ?","target":"quaint::connector::metrics","timestamp":"2024-11-30T02:35:06.187Z"}}
{"level":"info","message":{"duration":0,"params":"[]","query":"COMMIT","target":"quaint::connector::metrics","timestamp":"2024-11-30T02:35:06.187Z"}}
{"level":"info","message":{"duration":0,"params":"[]","query":"SELECT 1","target":"quaint::connector::metrics","timestamp":"2024-11-30T02:35:11.180Z"}}
{"level":"info","message":{"duration":0,"params":"[\"test@gmail.com\",1,0]","query":"SELECT `zxsneakers`.`users`.`email` FROM `zxsneakers`.`users` WHERE `zxsneakers`.`users`.`email` = ? LIMIT ? OFFSET ?","target":"quaint::connector::metrics","timestamp":"2024-11-30T02:35:11.180Z"}}
{"level":"info","message":{"duration":0,"params":"[\"test@gmail.com\",1,0]","query":"SELECT `zxsneakers`.`users`.`email`, `zxsneakers`.`users`.`password` FROM `zxsneakers`.`users` WHERE `zxsneakers`.`users`.`email` = ? LIMIT ? OFFSET ?","target":"quaint::connector::metrics","timestamp":"2024-11-30T02:35:11.182Z"}}
{"level":"info","message":{"duration":0,"params":"[]","query":"SELECT 1","target":"quaint::connector::metrics","timestamp":"2024-11-30T02:36:16.580Z"}}
{"level":"info","message":{"duration":0,"params":"[\"test@gmail.com\",1,0]","query":"SELECT `zxsneakers`.`users`.`email` FROM `zxsneakers`.`users` WHERE `zxsneakers`.`users`.`email` = ? LIMIT ? OFFSET ?","target":"quaint::connector::metrics","timestamp":"2024-11-30T02:36:16.581Z"}}
{"level":"info","message":{"duration":0,"params":"[\"test@gmail.com\",1,0]","query":"SELECT `zxsneakers`.`users`.`email`, `zxsneakers`.`users`.`password` FROM `zxsneakers`.`users` WHERE `zxsneakers`.`users`.`email` = ? LIMIT ? OFFSET ?","target":"quaint::connector::metrics","timestamp":"2024-11-30T02:36:16.582Z"}}
{"level":"info","message":{"duration":0,"params":"[]","query":"BEGIN","target":"quaint::connector::metrics","timestamp":"2024-11-30T02:36:16.692Z"}}
{"level":"info","message":{"duration":0,"params":"[\"test@gmail.com\"]","query":"SELECT `zxsneakers`.`users`.`email` FROM `zxsneakers`.`users` WHERE (`zxsneakers`.`users`.`email` = ? AND 1=1)","target":"quaint::connector::metrics","timestamp":"2024-11-30T02:36:16.693Z"}}
{"level":"info","message":{"duration":1,"params":"[\"$2b$10$UVG2WjyjPjL.CvBtZzopa.4hCKrx6iruFXCnGWFm4ft9/AI8xyaMG\",\"test@gmail.com\",\"test@gmail.com\"]","query":"UPDATE `zxsneakers`.`users` SET `password` = ? WHERE (`zxsneakers`.`users`.`email` IN (?) AND (`zxsneakers`.`users`.`email` = ? AND 1=1))","target":"quaint::connector::metrics","timestamp":"2024-11-30T02:36:16.695Z"}}
{"level":"info","message":{"duration":0,"params":"[\"test@gmail.com\",1,0]","query":"SELECT `zxsneakers`.`users`.`email`, `zxsneakers`.`users`.`name`, `zxsneakers`.`users`.`password` FROM `zxsneakers`.`users` WHERE `zxsneakers`.`users`.`email` = ? LIMIT ? OFFSET ?","target":"quaint::connector::metrics","timestamp":"2024-11-30T02:36:16.695Z"}}
{"level":"info","message":{"duration":0,"params":"[]","query":"COMMIT","target":"quaint::connector::metrics","timestamp":"2024-11-30T02:36:16.696Z"}}
{"level":"info","message":{"duration":0,"params":"[\"test@gmail.com\",1,0]","query":"SELECT `zxsneakers`.`users`.`email` FROM `zxsneakers`.`users` WHERE `zxsneakers`.`users`.`email` = ? LIMIT ? OFFSET ?","target":"quaint::connector::metrics","timestamp":"2024-11-30T02:36:28.993Z"}}
{"level":"info","message":{"duration":0,"params":"[\"test@gmail.com\",1,0]","query":"SELECT `zxsneakers`.`users`.`email`, `zxsneakers`.`users`.`password` FROM `zxsneakers`.`users` WHERE `zxsneakers`.`users`.`email` = ? LIMIT ? OFFSET ?","target":"quaint::connector::metrics","timestamp":"2024-11-30T02:36:28.995Z"}}
{"level":"info","message":{"duration":0,"params":"[]","query":"SELECT 1","target":"quaint::connector::metrics","timestamp":"2024-11-30T02:36:34.279Z"}}
{"level":"info","message":{"duration":0,"params":"[\"test@gmail.com\",1,0]","query":"SELECT `zxsneakers`.`users`.`email` FROM `zxsneakers`.`users` WHERE `zxsneakers`.`users`.`email` = ? LIMIT ? OFFSET ?","target":"quaint::connector::metrics","timestamp":"2024-11-30T02:36:34.280Z"}}
